<?xml version="1.0" encoding="UTF-8"?>
<testsuite xmlns:xsi="http://www.w3.org/2001/XMLSchema-instance" xsi:noNamespaceSchemaLocation="https://maven.apache.org/surefire/maven-surefire-plugin/xsd/surefire-test-report-3.0.xsd" version="3.0" name="com.proiect.LogInControllerTest" time="0.917" tests="7" errors="7" skipped="0" failures="0">
  <properties>
[...]
</properties>
  <testcase name="testAutentificareCredentialeInvalide" classname="com.proiect.LogInControllerTest" time="0.852">
    <error type="org.mockito.exceptions.base.MockitoException"><![CDATA[org.mockito.exceptions.base.MockitoException: 

Mockito cannot mock this class: class javafx.scene.control.TextField.

If you're not sure why you're getting this error, please open an issue on GitHub.


Java               : 23
JVM vendor name    : Oracle Corporation
JVM vendor version : 23.0.2+7-58
JVM name           : Java HotSpot(TM) 64-Bit Server VM
JVM version        : 23.0.2+7-58
JVM info           : mixed mode
OS name            : Linux
OS version         : 6.11.0-26-generic


You are seeing this disclaimer because Mockito is configured to create inlined mocks.
You can learn about inline mocks and their limitations under item #39 of the Mockito class javadoc.

Underlying exception : org.mockito.exceptions.base.MockitoException: Cannot instrument class javafx.scene.control.TextField because it or one of its supertypes could not be initialized
Caused by: org.mockito.exceptions.base.MockitoException: Cannot instrument class javafx.scene.control.TextField because it or one of its supertypes could not be initialized
Caused by: java.lang.IllegalStateException: Toolkit not initialized
]]></error>
    <system-err><![CDATA[WARNING: A Java agent has been loaded dynamically (/home/rusu/.m2/repository/net/bytebuddy/byte-buddy-agent/1.14.4/byte-buddy-agent-1.14.4.jar)
WARNING: If a serviceability tool is in use, please run with -XX:+EnableDynamicAgentLoading to hide this warning
WARNING: If a serviceability tool is not in use, please run with -Djdk.instrument.traceUsage for more information
WARNING: Dynamic loading of agents will be disallowed by default in a future release
]]></system-err>
  </testcase>
  <testcase name="testValideazaIntrariCampuriGoale" classname="com.proiect.LogInControllerTest" time="0.006">
    <error type="org.mockito.exceptions.base.MockitoException"><![CDATA[org.mockito.exceptions.base.MockitoException: 

Mockito cannot mock this class: class javafx.scene.control.TextField.

If you're not sure why you're getting this error, please open an issue on GitHub.


Java               : 23
JVM vendor name    : Oracle Corporation
JVM vendor version : 23.0.2+7-58
JVM name           : Java HotSpot(TM) 64-Bit Server VM
JVM version        : 23.0.2+7-58
JVM info           : mixed mode
OS name            : Linux
OS version         : 6.11.0-26-generic


You are seeing this disclaimer because Mockito is configured to create inlined mocks.
You can learn about inline mocks and their limitations under item #39 of the Mockito class javadoc.

Underlying exception : java.lang.IllegalArgumentException: Could not create type
Caused by: java.lang.IllegalArgumentException: Could not create type
Caused by: java.lang.InternalError: class redefinition failed: invalid class
]]></error>
  </testcase>
  <testcase name="testAutentificareSuccesUtilizatorNormal" classname="com.proiect.LogInControllerTest" time="0.003">
    <error type="java.lang.NoClassDefFoundError"><![CDATA[java.lang.NoClassDefFoundError: Could not initialize class javafx.scene.control.TextField
Caused by: java.lang.ExceptionInInitializerError: Exception java.lang.ExceptionInInitializerError [in thread "main"]
]]></error>
  </testcase>
  <testcase name="testAutentificareSuccesAdmin" classname="com.proiect.LogInControllerTest" time="0.004">
    <error type="org.mockito.exceptions.misusing.UnfinishedMockingSessionException"><![CDATA[org.mockito.exceptions.misusing.UnfinishedMockingSessionException: 

Unfinished mocking session detected.
Previous MockitoSession was not concluded with 'finishMocking()'.
For examples of correct usage see javadoc for MockitoSession class.
]]></error>
  </testcase>
  <testcase name="testAutentificareEroareServer" classname="com.proiect.LogInControllerTest" time="0.001">
    <error type="org.mockito.exceptions.misusing.UnfinishedMockingSessionException"><![CDATA[org.mockito.exceptions.misusing.UnfinishedMockingSessionException: 

Unfinished mocking session detected.
Previous MockitoSession was not concluded with 'finishMocking()'.
For examples of correct usage see javadoc for MockitoSession class.
]]></error>
  </testcase>
  <testcase name="testAutentificareTimeoutConexiune" classname="com.proiect.LogInControllerTest" time="0.002">
    <error type="org.mockito.exceptions.misusing.UnfinishedMockingSessionException"><![CDATA[org.mockito.exceptions.misusing.UnfinishedMockingSessionException: 

Unfinished mocking session detected.
Previous MockitoSession was not concluded with 'finishMocking()'.
For examples of correct usage see javadoc for MockitoSession class.
]]></error>
  </testcase>
  <testcase name="testValideazaIntrariCampuriCompletate" classname="com.proiect.LogInControllerTest" time="0.002">
    <error type="org.mockito.exceptions.misusing.UnfinishedMockingSessionException"><![CDATA[org.mockito.exceptions.misusing.UnfinishedMockingSessionException: 

Unfinished mocking session detected.
Previous MockitoSession was not concluded with 'finishMocking()'.
For examples of correct usage see javadoc for MockitoSession class.
]]></error>
  </testcase>
</testsuite>